<?xml version="1.0" encoding="UTF-8"?>
<!-- Generated by org.testng.reporters.JUnitXMLReporter -->
<testsuite ignored="0" hostname="Monieka" failures="0" tests="5" name="Surefire test" time="74.386" errors="0" timestamp="2025-02-01T21:05:20 CST">
  <testcase classname="udemycourse.tests.ErrorValidationsTest" name="loginFailCheck" time="4.147"/>
  <testcase classname="udemycourse.tests.ErrorValidationsTest" name="productErrorValidation" time="10.839"/>
  <testcase classname="udemycourse.tests.SubmitOrderTest" name="submitOrder" time="14.512"/>
  <testcase classname="udemycourse.tests.SubmitOrderTest" name="submitOrder" time="11.617"/>
  <testcase classname="udemycourse.tests.SubmitOrderTest" name="orderHistoryTest" time="1.159"/>
</testsuite> <!-- Surefire test -->
