<?xml version="1.0" encoding="UTF-8"?>
<!-- Generated by org.testng.reporters.JUnitXMLReporter -->
<testsuite ignored="0" hostname="Monieka" failures="0" tests="2" name="Error Validation Test" time="35.117" errors="0" timestamp="2025-01-28T20:18:23 CST">
  <testcase classname="udemycourse.tests.ErrorValidationsTest" name="loginFailCheck" time="1.382"/>
  <testcase classname="udemycourse.tests.ErrorValidationsTest" name="productErrorValidation" time="10.888"/>
</testsuite> <!-- Error Validation Test -->
