<?xml version="1.0" encoding="UTF-8"?>
<!-- Generated by org.testng.reporters.JUnitXMLReporter -->
<testsuite ignored="0" hostname="Monieka" failures="0" tests="3" name="Submit order Test" time="51.595" errors="0" timestamp="2025-01-28T20:18:40 CST">
  <testcase classname="udemycourse.tests.SubmitOrderTest" name="submitOrder" time="13.749"/>
  <testcase classname="udemycourse.tests.SubmitOrderTest" name="submitOrder" time="12.237"/>
  <testcase classname="udemycourse.tests.SubmitOrderTest" name="orderHistoryTest" time="5.019"/>
</testsuite> <!-- Submit order Test -->
