<?xml version="1.0" encoding="UTF-8"?>
<!-- Generated by org.testng.reporters.JUnitXMLReporter -->
<testsuite ignored="0" hostname="Monieka" failures="0" tests="2" name="Error Validation Test" time="34.997" errors="0" timestamp="2025-02-08T07:30:47 CST">
  <testcase classname="udemycourse.tests.ErrorValidationsTest" name="loginFailCheck" time="4.662"/>
  <testcase classname="udemycourse.tests.ErrorValidationsTest" name="productErrorValidation" time="14.433"/>
</testsuite> <!-- Error Validation Test -->
